<?xml version="1.0" encoding="UTF-8"?>
<testng-results ignored="0" total="1" passed="1" failed="0" skipped="0">
  <reporter-output>
  </reporter-output>
  <suite started-at="2025-06-04T16:07:46 IST" name="Default suite" finished-at="2025-06-04T16:07:59 IST" duration-ms="13722">
    <groups>
    </groups>
    <test started-at="2025-06-04T16:07:46 IST" name="Default test" finished-at="2025-06-04T16:07:59 IST" duration-ms="13722">
      <class name="String.StringReversal">
        <test-method signature="stringReversalMethod()[pri:0, instance:String.StringReversal@dd8ba08]" started-at="2025-06-04T16:07:46 IST" name="stringReversalMethod" finished-at="2025-06-04T16:07:59 IST" duration-ms="13682" status="PASS">
          <reporter-output>
          </reporter-output>
        </test-method> <!-- stringReversalMethod -->
      </class> <!-- String.StringReversal -->
    </test> <!-- Default test -->
  </suite> <!-- Default suite -->
</testng-results>
